# JRE version: Java(TM) SE Runtime Environment (8.0_40-b26) (build 1.8.0_40-b26)
# Java VM: Java HotSpot(TM) Client VM (25.40-b25 mixed mode windows-x86 )
Heap:
 def new generation   total 4928K, used 1177K [0x04400000, 0x04950000, 0x09950000)
  eden space 4416K,  15% used [0x04400000, 0x044a66d0, 0x04850000)
  from space 512K, 100% used [0x04850000, 0x048d0000, 0x048d0000)
  to   space 512K,   0% used [0x048d0000, 0x048d0000, 0x04950000)
 tenured generation   total 10944K, used 4359K [0x09950000, 0x0a400000, 0x14400000)
   the space 10944K,  39% used [0x09950000, 0x09d91dc0, 0x09d91e00, 0x0a400000)
 Metaspace       used 8605K, capacity 8792K, committed 8960K, reserved 9600K
GC Heap History (10 events):
Event: 19.150 GC heap before
{Heap before GC invocations=7 (full 0):
 def new generation   total 4928K, used 4540K [0x04400000, 0x04950000, 0x09950000)
  eden space 4416K, 100% used [0x04400000, 0x04850000, 0x04850000)
  from space 512K,  24% used [0x048d0000, 0x048ef398, 0x04950000)
  to   space 512K,   0% used [0x04850000, 0x04850000, 0x048d0000)
 tenured generation   total 10944K, used 4110K [0x09950000, 0x0a400000, 0x14400000)
   the space 10944K,  37% used [0x09950000, 0x09d53ad8, 0x09d53c00, 0x0a400000)
 Metaspace       used 7737K, capacity 7950K, committed 8064K, reserved 8576K
Event: 19.154 GC heap after
Heap after GC invocations=8 (full 0):
 def new generation   total 4928K, used 129K [0x04400000, 0x04950000, 0x09950000)
  eden space 4416K,   0% used [0x04400000, 0x04400000, 0x04850000)
  from space 512K,  25% used [0x04850000, 0x04870438, 0x048d0000)
  to   space 512K,   0% used [0x048d0000, 0x048d0000, 0x04950000)
 tenured generation   total 10944K, used 4110K [0x09950000, 0x0a400000, 0x14400000)
   the space 10944K,  37% used [0x09950000, 0x09d53ad8, 0x09d53c00, 0x0a400000)
 Metaspace       used 7737K, capacity 7950K, committed 8064K, reserved 8576K
}
Event: 21.631 GC heap before
{Heap before GC invocations=8 (full 0):
 def new generation   total 4928K, used 4545K [0x04400000, 0x04950000, 0x09950000)
  eden space 4416K, 100% used [0x04400000, 0x04850000, 0x04850000)
  from space 512K,  25% used [0x04850000, 0x04870438, 0x048d0000)
  to   space 512K,   0% used [0x048d0000, 0x048d0000, 0x04950000)
 tenured generation   total 10944K, used 4110K [0x09950000, 0x0a400000, 0x14400000)
   the space 10944K,  37% used [0x09950000, 0x09d53ad8, 0x09d53c00, 0x0a400000)
 Metaspace       used 7737K, capacity 7950K, committed 8064K, reserved 8576K
Event: 21.633 GC heap after
Heap after GC invocations=9 (full 0):
 def new generation   total 4928K, used 127K [0x04400000, 0x04950000, 0x09950000)
  eden space 4416K,   0% used [0x04400000, 0x04400000, 0x04850000)
  from space 512K,  24% used [0x048d0000, 0x048efda0, 0x04950000)
  to   space 512K,   0% used [0x04850000, 0x04850000, 0x048d0000)
 tenured generation   total 10944K, used 4110K [0x09950000, 0x0a400000, 0x14400000)
   the space 10944K,  37% used [0x09950000, 0x09d53ad8, 0x09d53c00, 0x0a400000)
 Metaspace       used 7737K, capacity 7950K, committed 8064K, reserved 8576K
}
Event: 24.475 GC heap before
{Heap before GC invocations=9 (full 0):
 def new generation   total 4928K, used 4543K [0x04400000, 0x04950000, 0x09950000)
  eden space 4416K, 100% used [0x04400000, 0x04850000, 0x04850000)
  from space 512K,  24% used [0x048d0000, 0x048efda0, 0x04950000)
  to   space 512K,   0% used [0x04850000, 0x04850000, 0x048d0000)
 tenured generation   total 10944K, used 4110K [0x09950000, 0x0a400000, 0x14400000)
   the space 10944K,  37% used [0x09950000, 0x09d53ad8, 0x09d53c00, 0x0a400000)
 Metaspace       used 7737K, capacity 7950K, committed 8064K, reserved 8576K
Event: 24.477 GC heap after
Heap after GC invocations=10 (full 0):
 def new generation   total 4928K, used 125K [0x04400000, 0x04950000, 0x09950000)
  eden space 4416K,   0% used [0x04400000, 0x04400000, 0x04850000)
  from space 512K,  24% used [0x04850000, 0x0486f7f8, 0x048d0000)
  to   space 512K,   0% used [0x048d0000, 0x048d0000, 0x04950000)
 tenured generation   total 10944K, used 4110K [0x09950000, 0x0a400000, 0x14400000)
   the space 10944K,  37% used [0x09950000, 0x09d53ad8, 0x09d53c00, 0x0a400000)
 Metaspace       used 7737K, capacity 7950K, committed 8064K, reserved 8576K
}
Event: 27.301 GC heap before
{Heap before GC invocations=10 (full 0):
 def new generation   total 4928K, used 4541K [0x04400000, 0x04950000, 0x09950000)
  eden space 4416K, 100% used [0x04400000, 0x04850000, 0x04850000)
  from space 512K,  24% used [0x04850000, 0x0486f7f8, 0x048d0000)
  to   space 512K,   0% used [0x048d0000, 0x048d0000, 0x04950000)
 tenured generation   total 10944K, used 4110K [0x09950000, 0x0a400000, 0x14400000)
   the space 10944K,  37% used [0x09950000, 0x09d53ad8, 0x09d53c00, 0x0a400000)
 Metaspace       used 7738K, capacity 7950K, committed 8064K, reserved 8576K
Event: 27.302 GC heap after
Heap after GC invocations=11 (full 0):
 def new generation   total 4928K, used 125K [0x04400000, 0x04950000, 0x09950000)
  eden space 4416K,   0% used [0x04400000, 0x04400000, 0x04850000)
  from space 512K,  24% used [0x048d0000, 0x048ef798, 0x04950000)
  to   space 512K,   0% used [0x04850000, 0x04850000, 0x048d0000)
 tenured generation   total 10944K, used 4110K [0x09950000, 0x0a400000, 0x14400000)
   the space 10944K,  37% used [0x09950000, 0x09d53ad8, 0x09d53c00, 0x0a400000)
 Metaspace       used 7738K, capacity 7950K, committed 8064K, reserved 8576K
}
Event: 30.085 GC heap before
{Heap before GC invocations=11 (full 0):
 def new generation   total 4928K, used 4541K [0x04400000, 0x04950000, 0x09950000)
  eden space 4416K, 100% used [0x04400000, 0x04850000, 0x04850000)
  from space 512K,  24% used [0x048d0000, 0x048ef798, 0x04950000)
  to   space 512K,   0% used [0x04850000, 0x04850000, 0x048d0000)
 tenured generation   total 10944K, used 4110K [0x09950000, 0x0a400000, 0x14400000)
   the space 10944K,  37% used [0x09950000, 0x09d53ad8, 0x09d53c00, 0x0a400000)
 Metaspace       used 8573K, capacity 8760K, committed 8832K, reserved 9600K
Event: 30.091 GC heap after
Heap after GC invocations=12 (full 0):
 def new generation   total 4928K, used 512K [0x04400000, 0x04950000, 0x09950000)
  eden space 4416K,   0% used [0x04400000, 0x04400000, 0x04850000)
  from space 512K, 100% used [0x04850000, 0x048d0000, 0x048d0000)
  to   space 512K,   0% used [0x048d0000, 0x048d0000, 0x04950000)
 tenured generation   total 10944K, used 4359K [0x09950000, 0x0a400000, 0x14400000)
   the space 10944K,  39% used [0x09950000, 0x09d91dc0, 0x09d91e00, 0x0a400000)
 Metaspace       used 8573K, capacity 8760K, committed 8832K, reserved 9600K
}

