# JRE version: Java(TM) SE Runtime Environment (8.0_40-b26) (build 1.8.0_40-b26)
# Java VM: Java HotSpot(TM) Client VM (25.40-b25 mixed mode windows-x86 )
Heap:
 def new generation   total 4928K, used 2261K [0x03600000, 0x03b50000, 0x08b50000)
  eden space 4416K,  43% used [0x03600000, 0x037dfad0, 0x03a50000)
  from space 512K,  66% used [0x03ad0000, 0x03b25a40, 0x03b50000)
  to   space 512K,   0% used [0x03a50000, 0x03a50000, 0x03ad0000)
 tenured generation   total 10944K, used 5124K [0x08b50000, 0x09600000, 0x13600000)
   the space 10944K,  46% used [0x08b50000, 0x090510e8, 0x09051200, 0x09600000)
 Metaspace       used 8689K, capacity 8891K, committed 8960K, reserved 9600K
GC Heap History (10 events):
Event: 54.195 GC heap before
{Heap before GC invocations=20 (full 0):
 def new generation   total 4928K, used 4530K [0x03600000, 0x03b50000, 0x08b50000)
  eden space 4416K, 100% used [0x03600000, 0x03a50000, 0x03a50000)
  from space 512K,  22% used [0x03a50000, 0x03a6c910, 0x03ad0000)
  to   space 512K,   0% used [0x03ad0000, 0x03ad0000, 0x03b50000)
 tenured generation   total 10944K, used 4844K [0x08b50000, 0x09600000, 0x13600000)
   the space 10944K,  44% used [0x08b50000, 0x0900b3a0, 0x0900b400, 0x09600000)
 Metaspace       used 8079K, capacity 8283K, committed 8448K, reserved 8576K
Event: 54.198 GC heap after
Heap after GC invocations=21 (full 0):
 def new generation   total 4928K, used 115K [0x03600000, 0x03b50000, 0x08b50000)
  eden space 4416K,   0% used [0x03600000, 0x03600000, 0x03a50000)
  from space 512K,  22% used [0x03ad0000, 0x03aeccf0, 0x03b50000)
  to   space 512K,   0% used [0x03a50000, 0x03a50000, 0x03ad0000)
 tenured generation   total 10944K, used 4844K [0x08b50000, 0x09600000, 0x13600000)
   the space 10944K,  44% used [0x08b50000, 0x0900b3a0, 0x0900b400, 0x09600000)
 Metaspace       used 8079K, capacity 8283K, committed 8448K, reserved 8576K
}
Event: 56.810 GC heap before
{Heap before GC invocations=21 (full 0):
 def new generation   total 4928K, used 4531K [0x03600000, 0x03b50000, 0x08b50000)
  eden space 4416K, 100% used [0x03600000, 0x03a50000, 0x03a50000)
  from space 512K,  22% used [0x03ad0000, 0x03aeccf0, 0x03b50000)
  to   space 512K,   0% used [0x03a50000, 0x03a50000, 0x03ad0000)
 tenured generation   total 10944K, used 4844K [0x08b50000, 0x09600000, 0x13600000)
   the space 10944K,  44% used [0x08b50000, 0x0900b3a0, 0x0900b400, 0x09600000)
 Metaspace       used 8079K, capacity 8315K, committed 8448K, reserved 8576K
Event: 56.813 GC heap after
Heap after GC invocations=22 (full 0):
 def new generation   total 4928K, used 259K [0x03600000, 0x03b50000, 0x08b50000)
  eden space 4416K,   0% used [0x03600000, 0x03600000, 0x03a50000)
  from space 512K,  50% used [0x03a50000, 0x03a90f20, 0x03ad0000)
  to   space 512K,   0% used [0x03ad0000, 0x03ad0000, 0x03b50000)
 tenured generation   total 10944K, used 4844K [0x08b50000, 0x09600000, 0x13600000)
   the space 10944K,  44% used [0x08b50000, 0x0900b3a0, 0x0900b400, 0x09600000)
 Metaspace       used 8079K, capacity 8315K, committed 8448K, reserved 8576K
}
Event: 59.513 GC heap before
{Heap before GC invocations=22 (full 0):
 def new generation   total 4928K, used 4675K [0x03600000, 0x03b50000, 0x08b50000)
  eden space 4416K, 100% used [0x03600000, 0x03a50000, 0x03a50000)
  from space 512K,  50% used [0x03a50000, 0x03a90f20, 0x03ad0000)
  to   space 512K,   0% used [0x03ad0000, 0x03ad0000, 0x03b50000)
 tenured generation   total 10944K, used 4844K [0x08b50000, 0x09600000, 0x13600000)
   the space 10944K,  44% used [0x08b50000, 0x0900b3a0, 0x0900b400, 0x09600000)
 Metaspace       used 8079K, capacity 8315K, committed 8448K, reserved 8576K
Event: 59.516 GC heap after
Heap after GC invocations=23 (full 0):
 def new generation   total 4928K, used 447K [0x03600000, 0x03b50000, 0x08b50000)
  eden space 4416K,   0% used [0x03600000, 0x03600000, 0x03a50000)
  from space 512K,  87% used [0x03ad0000, 0x03b3fe28, 0x03b50000)
  to   space 512K,   0% used [0x03a50000, 0x03a50000, 0x03ad0000)
 tenured generation   total 10944K, used 4844K [0x08b50000, 0x09600000, 0x13600000)
   the space 10944K,  44% used [0x08b50000, 0x0900b3a0, 0x0900b400, 0x09600000)
 Metaspace       used 8079K, capacity 8315K, committed 8448K, reserved 8576K
}
Event: 62.372 GC heap before
{Heap before GC invocations=23 (full 0):
 def new generation   total 4928K, used 4863K [0x03600000, 0x03b50000, 0x08b50000)
  eden space 4416K, 100% used [0x03600000, 0x03a50000, 0x03a50000)
  from space 512K,  87% used [0x03ad0000, 0x03b3fe28, 0x03b50000)
  to   space 512K,   0% used [0x03a50000, 0x03a50000, 0x03ad0000)
 tenured generation   total 10944K, used 4844K [0x08b50000, 0x09600000, 0x13600000)
   the space 10944K,  44% used [0x08b50000, 0x0900b3a0, 0x0900b400, 0x09600000)
 Metaspace       used 8079K, capacity 8315K, committed 8448K, reserved 8576K
Event: 62.375 GC heap after
Heap after GC invocations=24 (full 0):
 def new generation   total 4928K, used 49K [0x03600000, 0x03b50000, 0x08b50000)
  eden space 4416K,   0% used [0x03600000, 0x03600000, 0x03a50000)
  from space 512K,   9% used [0x03a50000, 0x03a5c6d0, 0x03ad0000)
  to   space 512K,   0% used [0x03ad0000, 0x03ad0000, 0x03b50000)
 tenured generation   total 10944K, used 5124K [0x08b50000, 0x09600000, 0x13600000)
   the space 10944K,  46% used [0x08b50000, 0x090510e8, 0x09051200, 0x09600000)
 Metaspace       used 8079K, capacity 8315K, committed 8448K, reserved 8576K
}
Event: 65.404 GC heap before
{Heap before GC invocations=24 (full 0):
 def new generation   total 4928K, used 4465K [0x03600000, 0x03b50000, 0x08b50000)
  eden space 4416K, 100% used [0x03600000, 0x03a50000, 0x03a50000)
  from space 512K,   9% used [0x03a50000, 0x03a5c6d0, 0x03ad0000)
  to   space 512K,   0% used [0x03ad0000, 0x03ad0000, 0x03b50000)
 tenured generation   total 10944K, used 5124K [0x08b50000, 0x09600000, 0x13600000)
   the space 10944K,  46% used [0x08b50000, 0x090510e8, 0x09051200, 0x09600000)
 Metaspace       used 8243K, capacity 8475K, committed 8576K, reserved 8576K
Event: 65.410 GC heap after
Heap after GC invocations=25 (full 0):
 def new generation   total 4928K, used 342K [0x03600000, 0x03b50000, 0x08b50000)
  eden space 4416K,   0% used [0x03600000, 0x03600000, 0x03a50000)
  from space 512K,  66% used [0x03ad0000, 0x03b25a40, 0x03b50000)
  to   space 512K,   0% used [0x03a50000, 0x03a50000, 0x03ad0000)
 tenured generation   total 10944K, used 5124K [0x08b50000, 0x09600000, 0x13600000)
   the space 10944K,  46% used [0x08b50000, 0x090510e8, 0x09051200, 0x09600000)
 Metaspace       used 8243K, capacity 8475K, committed 8576K, reserved 8576K
}

