# JRE version: Java(TM) SE Runtime Environment (8.0_40-b26) (build 1.8.0_40-b26)
# Java VM: Java HotSpot(TM) Client VM (25.40-b25 mixed mode windows-x86 )
Heap:
 def new generation   total 4928K, used 3185K [0x04400000, 0x04950000, 0x09950000)
  eden space 4416K,  67% used [0x04400000, 0x046e5d28, 0x04850000)
  from space 512K,  42% used [0x048d0000, 0x04906710, 0x04950000)
  to   space 512K,   0% used [0x04850000, 0x04850000, 0x048d0000)
 tenured generation   total 10944K, used 4104K [0x09950000, 0x0a400000, 0x14400000)
   the space 10944K,  37% used [0x09950000, 0x09d52218, 0x09d52400, 0x0a400000)
 Metaspace       used 8576K, capacity 8760K, committed 8832K, reserved 9600K
GC Heap History (6 events):
Event: 1.389 GC heap before
{Heap before GC invocations=0 (full 0):
 def new generation   total 4928K, used 4416K [0x04400000, 0x04950000, 0x09950000)
  eden space 4416K, 100% used [0x04400000, 0x04850000, 0x04850000)
  from space 512K,   0% used [0x04850000, 0x04850000, 0x048d0000)
  to   space 512K,   0% used [0x048d0000, 0x048d0000, 0x04950000)
 tenured generation   total 10944K, used 0K [0x09950000, 0x0a400000, 0x14400000)
   the space 10944K,   0% used [0x09950000, 0x09950000, 0x09950200, 0x0a400000)
 Metaspace       used 5924K, capacity 6121K, committed 6272K, reserved 6528K
Event: 1.407 GC heap after
Heap after GC invocations=1 (full 0):
 def new generation   total 4928K, used 512K [0x04400000, 0x04950000, 0x09950000)
  eden space 4416K,   0% used [0x04400000, 0x04400000, 0x04850000)
  from space 512K, 100% used [0x048d0000, 0x04950000, 0x04950000)
  to   space 512K,   0% used [0x04850000, 0x04850000, 0x048d0000)
 tenured generation   total 10944K, used 1038K [0x09950000, 0x0a400000, 0x14400000)
   the space 10944K,   9% used [0x09950000, 0x09a539a8, 0x09a53a00, 0x0a400000)
 Metaspace       used 5924K, capacity 6121K, committed 6272K, reserved 6528K
}
Event: 2.191 GC heap before
{Heap before GC invocations=1 (full 0):
 def new generation   total 4928K, used 4928K [0x04400000, 0x04950000, 0x09950000)
  eden space 4416K, 100% used [0x04400000, 0x04850000, 0x04850000)
  from space 512K, 100% used [0x048d0000, 0x04950000, 0x04950000)
  to   space 512K,   0% used [0x04850000, 0x04850000, 0x048d0000)
 tenured generation   total 10944K, used 1038K [0x09950000, 0x0a400000, 0x14400000)
   the space 10944K,   9% used [0x09950000, 0x09a539a8, 0x09a53a00, 0x0a400000)
 Metaspace       used 7648K, capacity 7854K, committed 7936K, reserved 8576K
Event: 2.209 GC heap after
Heap after GC invocations=2 (full 0):
 def new generation   total 4928K, used 512K [0x04400000, 0x04950000, 0x09950000)
  eden space 4416K,   0% used [0x04400000, 0x04400000, 0x04850000)
  from space 512K, 100% used [0x04850000, 0x048d0000, 0x048d0000)
  to   space 512K,   0% used [0x048d0000, 0x048d0000, 0x04950000)
 tenured generation   total 10944K, used 3668K [0x09950000, 0x0a400000, 0x14400000)
   the space 10944K,  33% used [0x09950000, 0x09ce53c8, 0x09ce5400, 0x0a400000)
 Metaspace       used 7648K, capacity 7854K, committed 7936K, reserved 8576K
}
Event: 4.812 GC heap before
{Heap before GC invocations=2 (full 0):
 def new generation   total 4928K, used 4919K [0x04400000, 0x04950000, 0x09950000)
  eden space 4416K,  99% used [0x04400000, 0x0484dcc0, 0x04850000)
  from space 512K, 100% used [0x04850000, 0x048d0000, 0x048d0000)
  to   space 512K,   0% used [0x048d0000, 0x048d0000, 0x04950000)
 tenured generation   total 10944K, used 3668K [0x09950000, 0x0a400000, 0x14400000)
   the space 10944K,  33% used [0x09950000, 0x09ce53c8, 0x09ce5400, 0x0a400000)
 Metaspace       used 7964K, capacity 8152K, committed 8320K, reserved 8576K
Event: 4.820 GC heap after
Heap after GC invocations=3 (full 0):
 def new generation   total 4928K, used 217K [0x04400000, 0x04950000, 0x09950000)
  eden space 4416K,   0% used [0x04400000, 0x04400000, 0x04850000)
  from space 512K,  42% used [0x048d0000, 0x04906710, 0x04950000)
  to   space 512K,   0% used [0x04850000, 0x04850000, 0x048d0000)
 tenured generation   total 10944K, used 4104K [0x09950000, 0x0a400000, 0x14400000)
   the space 10944K,  37% used [0x09950000, 0x09d52218, 0x09d52400, 0x0a400000)
 Metaspace       used 7964K, capacity 8152K, committed 8320K, reserved 8576K
}

