# JRE version: Java(TM) SE Runtime Environment (8.0_40-b26) (build 1.8.0_40-b26)
# Java VM: Java HotSpot(TM) Client VM (25.40-b25 mixed mode windows-x86 )
Heap:
 def new generation   total 4928K, used 1334K [0x04000000, 0x04550000, 0x09550000)
  eden space 4416K,  18% used [0x04000000, 0x040cd8a0, 0x04450000)
  from space 512K, 100% used [0x044d0000, 0x04550000, 0x04550000)
  to   space 512K,   0% used [0x04450000, 0x04450000, 0x044d0000)
 tenured generation   total 10944K, used 5320K [0x09550000, 0x0a000000, 0x14000000)
   the space 10944K,  48% used [0x09550000, 0x09a823a0, 0x09a82400, 0x0a000000)
 Metaspace       used 8784K, capacity 8987K, committed 9088K, reserved 9600K
GC Heap History (10 events):
Event: 114.406 GC heap before
{Heap before GC invocations=42 (full 0):
 def new generation   total 4928K, used 4530K [0x04000000, 0x04550000, 0x09550000)
  eden space 4416K, 100% used [0x04000000, 0x04450000, 0x04450000)
  from space 512K,  22% used [0x04450000, 0x0446c930, 0x044d0000)
  to   space 512K,   0% used [0x044d0000, 0x044d0000, 0x04550000)
 tenured generation   total 10944K, used 5259K [0x09550000, 0x0a000000, 0x14000000)
   the space 10944K,  48% used [0x09550000, 0x09a72e70, 0x09a73000, 0x0a000000)
 Metaspace       used 8176K, capacity 8411K, committed 8576K, reserved 8576K
Event: 114.408 GC heap after
Heap after GC invocations=43 (full 0):
 def new generation   total 4928K, used 115K [0x04000000, 0x04550000, 0x09550000)
  eden space 4416K,   0% used [0x04000000, 0x04000000, 0x04450000)
  from space 512K,  22% used [0x044d0000, 0x044ecfd8, 0x04550000)
  to   space 512K,   0% used [0x04450000, 0x04450000, 0x044d0000)
 tenured generation   total 10944K, used 5259K [0x09550000, 0x0a000000, 0x14000000)
   the space 10944K,  48% used [0x09550000, 0x09a72e70, 0x09a73000, 0x0a000000)
 Metaspace       used 8176K, capacity 8411K, committed 8576K, reserved 8576K
}
Event: 117.317 GC heap before
{Heap before GC invocations=43 (full 0):
 def new generation   total 4928K, used 4531K [0x04000000, 0x04550000, 0x09550000)
  eden space 4416K, 100% used [0x04000000, 0x04450000, 0x04450000)
  from space 512K,  22% used [0x044d0000, 0x044ecfd8, 0x04550000)
  to   space 512K,   0% used [0x04450000, 0x04450000, 0x044d0000)
 tenured generation   total 10944K, used 5259K [0x09550000, 0x0a000000, 0x14000000)
   the space 10944K,  48% used [0x09550000, 0x09a72e70, 0x09a73000, 0x0a000000)
 Metaspace       used 8176K, capacity 8411K, committed 8576K, reserved 8576K
Event: 117.319 GC heap after
Heap after GC invocations=44 (full 0):
 def new generation   total 4928K, used 115K [0x04000000, 0x04550000, 0x09550000)
  eden space 4416K,   0% used [0x04000000, 0x04000000, 0x04450000)
  from space 512K,  22% used [0x04450000, 0x0446ce90, 0x044d0000)
  to   space 512K,   0% used [0x044d0000, 0x044d0000, 0x04550000)
 tenured generation   total 10944K, used 5259K [0x09550000, 0x0a000000, 0x14000000)
   the space 10944K,  48% used [0x09550000, 0x09a72e70, 0x09a73000, 0x0a000000)
 Metaspace       used 8176K, capacity 8411K, committed 8576K, reserved 8576K
}
Event: 120.177 GC heap before
{Heap before GC invocations=44 (full 0):
 def new generation   total 4928K, used 4531K [0x04000000, 0x04550000, 0x09550000)
  eden space 4416K, 100% used [0x04000000, 0x04450000, 0x04450000)
  from space 512K,  22% used [0x04450000, 0x0446ce90, 0x044d0000)
  to   space 512K,   0% used [0x044d0000, 0x044d0000, 0x04550000)
 tenured generation   total 10944K, used 5259K [0x09550000, 0x0a000000, 0x14000000)
   the space 10944K,  48% used [0x09550000, 0x09a72e70, 0x09a73000, 0x0a000000)
 Metaspace       used 8176K, capacity 8411K, committed 8576K, reserved 8576K
Event: 120.179 GC heap after
Heap after GC invocations=45 (full 0):
 def new generation   total 4928K, used 114K [0x04000000, 0x04550000, 0x09550000)
  eden space 4416K,   0% used [0x04000000, 0x04000000, 0x04450000)
  from space 512K,  22% used [0x044d0000, 0x044ecbf0, 0x04550000)
  to   space 512K,   0% used [0x04450000, 0x04450000, 0x044d0000)
 tenured generation   total 10944K, used 5259K [0x09550000, 0x0a000000, 0x14000000)
   the space 10944K,  48% used [0x09550000, 0x09a72e70, 0x09a73000, 0x0a000000)
 Metaspace       used 8176K, capacity 8411K, committed 8576K, reserved 8576K
}
Event: 122.983 GC heap before
{Heap before GC invocations=45 (full 0):
 def new generation   total 4928K, used 4530K [0x04000000, 0x04550000, 0x09550000)
  eden space 4416K, 100% used [0x04000000, 0x04450000, 0x04450000)
  from space 512K,  22% used [0x044d0000, 0x044ecbf0, 0x04550000)
  to   space 512K,   0% used [0x04450000, 0x04450000, 0x044d0000)
 tenured generation   total 10944K, used 5259K [0x09550000, 0x0a000000, 0x14000000)
   the space 10944K,  48% used [0x09550000, 0x09a72e70, 0x09a73000, 0x0a000000)
 Metaspace       used 8176K, capacity 8411K, committed 8576K, reserved 8576K
Event: 122.985 GC heap after
Heap after GC invocations=46 (full 0):
 def new generation   total 4928K, used 114K [0x04000000, 0x04550000, 0x09550000)
  eden space 4416K,   0% used [0x04000000, 0x04000000, 0x04450000)
  from space 512K,  22% used [0x04450000, 0x0446cba0, 0x044d0000)
  to   space 512K,   0% used [0x044d0000, 0x044d0000, 0x04550000)
 tenured generation   total 10944K, used 5259K [0x09550000, 0x0a000000, 0x14000000)
   the space 10944K,  48% used [0x09550000, 0x09a72e70, 0x09a73000, 0x0a000000)
 Metaspace       used 8176K, capacity 8411K, committed 8576K, reserved 8576K
}
Event: 125.914 GC heap before
{Heap before GC invocations=46 (full 0):
 def new generation   total 4928K, used 4530K [0x04000000, 0x04550000, 0x09550000)
  eden space 4416K, 100% used [0x04000000, 0x04450000, 0x04450000)
  from space 512K,  22% used [0x04450000, 0x0446cba0, 0x044d0000)
  to   space 512K,   0% used [0x044d0000, 0x044d0000, 0x04550000)
 tenured generation   total 10944K, used 5259K [0x09550000, 0x0a000000, 0x14000000)
   the space 10944K,  48% used [0x09550000, 0x09a72e70, 0x09a73000, 0x0a000000)
 Metaspace       used 8661K, capacity 8859K, committed 8960K, reserved 9600K
Event: 125.918 GC heap after
Heap after GC invocations=47 (full 0):
 def new generation   total 4928K, used 512K [0x04000000, 0x04550000, 0x09550000)
  eden space 4416K,   0% used [0x04000000, 0x04000000, 0x04450000)
  from space 512K, 100% used [0x044d0000, 0x04550000, 0x04550000)
  to   space 512K,   0% used [0x04450000, 0x04450000, 0x044d0000)
 tenured generation   total 10944K, used 5320K [0x09550000, 0x0a000000, 0x14000000)
   the space 10944K,  48% used [0x09550000, 0x09a823a0, 0x09a82400, 0x0a000000)
 Metaspace       used 8661K, capacity 8859K, committed 8960K, reserved 9600K
}

