# JRE version: Java(TM) SE Runtime Environment (8.0_40-b26) (build 1.8.0_40-b26)
# Java VM: Java HotSpot(TM) Client VM (25.40-b25 mixed mode windows-x86 )
Heap:
 def new generation   total 4928K, used 810K [0x04200000, 0x04750000, 0x09750000)
  eden space 4416K,   6% used [0x04200000, 0x0424aab0, 0x04650000)
  from space 512K, 100% used [0x04650000, 0x046d0000, 0x046d0000)
  to   space 512K,   0% used [0x046d0000, 0x046d0000, 0x04750000)
 tenured generation   total 10944K, used 4960K [0x09750000, 0x0a200000, 0x14200000)
   the space 10944K,  45% used [0x09750000, 0x09c283c0, 0x09c28400, 0x0a200000)
 Metaspace       used 8605K, capacity 8792K, committed 8960K, reserved 9600K
GC Heap History (6 events):
Event: 1.247 GC heap before
{Heap before GC invocations=0 (full 0):
 def new generation   total 4928K, used 4416K [0x04200000, 0x04750000, 0x09750000)
  eden space 4416K, 100% used [0x04200000, 0x04650000, 0x04650000)
  from space 512K,   0% used [0x04650000, 0x04650000, 0x046d0000)
  to   space 512K,   0% used [0x046d0000, 0x046d0000, 0x04750000)
 tenured generation   total 10944K, used 0K [0x09750000, 0x0a200000, 0x14200000)
   the space 10944K,   0% used [0x09750000, 0x09750000, 0x09750200, 0x0a200000)
 Metaspace       used 6044K, capacity 6249K, committed 6400K, reserved 6528K
Event: 1.264 GC heap after
Heap after GC invocations=1 (full 0):
 def new generation   total 4928K, used 512K [0x04200000, 0x04750000, 0x09750000)
  eden space 4416K,   0% used [0x04200000, 0x04200000, 0x04650000)
  from space 512K, 100% used [0x046d0000, 0x04750000, 0x04750000)
  to   space 512K,   0% used [0x04650000, 0x04650000, 0x046d0000)
 tenured generation   total 10944K, used 1020K [0x09750000, 0x0a200000, 0x14200000)
   the space 10944K,   9% used [0x09750000, 0x0984f290, 0x0984f400, 0x0a200000)
 Metaspace       used 6044K, capacity 6249K, committed 6400K, reserved 6528K
}
Event: 2.118 GC heap before
{Heap before GC invocations=1 (full 0):
 def new generation   total 4928K, used 4928K [0x04200000, 0x04750000, 0x09750000)
  eden space 4416K, 100% used [0x04200000, 0x04650000, 0x04650000)
  from space 512K, 100% used [0x046d0000, 0x04750000, 0x04750000)
  to   space 512K,   0% used [0x04650000, 0x04650000, 0x046d0000)
 tenured generation   total 10944K, used 1020K [0x09750000, 0x0a200000, 0x14200000)
   the space 10944K,   9% used [0x09750000, 0x0984f290, 0x0984f400, 0x0a200000)
 Metaspace       used 7598K, capacity 7790K, committed 7936K, reserved 8576K
Event: 2.134 GC heap after
Heap after GC invocations=2 (full 0):
 def new generation   total 4928K, used 512K [0x04200000, 0x04750000, 0x09750000)
  eden space 4416K,   0% used [0x04200000, 0x04200000, 0x04650000)
  from space 512K, 100% used [0x04650000, 0x046d0000, 0x046d0000)
  to   space 512K,   0% used [0x046d0000, 0x046d0000, 0x04750000)
 tenured generation   total 10944K, used 3624K [0x09750000, 0x0a200000, 0x14200000)
   the space 10944K,  33% used [0x09750000, 0x09ada3b8, 0x09ada400, 0x0a200000)
 Metaspace       used 7598K, capacity 7790K, committed 7936K, reserved 8576K
}
Event: 4.013 GC heap before
{Heap before GC invocations=2 (full 0):
 def new generation   total 4928K, used 4914K [0x04200000, 0x04750000, 0x09750000)
  eden space 4416K,  99% used [0x04200000, 0x0464c850, 0x04650000)
  from space 512K, 100% used [0x04650000, 0x046d0000, 0x046d0000)
  to   space 512K,   0% used [0x046d0000, 0x046d0000, 0x04750000)
 tenured generation   total 10944K, used 3624K [0x09750000, 0x0a200000, 0x14200000)
   the space 10944K,  33% used [0x09750000, 0x09ada3b8, 0x09ada400, 0x0a200000)
 Metaspace       used 7969K, capacity 8152K, committed 8320K, reserved 8576K
Event: 4.023 GC heap after
Heap after GC invocations=3 (full 0):
 def new generation   total 4928K, used 467K [0x04200000, 0x04750000, 0x09750000)
  eden space 4416K,   0% used [0x04200000, 0x04200000, 0x04650000)
  from space 512K,  91% used [0x046d0000, 0x04744c30, 0x04750000)
  to   space 512K,   0% used [0x04650000, 0x04650000, 0x046d0000)
 tenured generation   total 10944K, used 4021K [0x09750000, 0x0a200000, 0x14200000)
   the space 10944K,  36% used [0x09750000, 0x09b3d730, 0x09b3d800, 0x0a200000)
 Metaspace       used 7969K, capacity 8152K, committed 8320K, reserved 8576K
}

