# JRE version: Java(TM) SE Runtime Environment (8.0_40-b26) (build 1.8.0_40-b26)
# Java VM: Java HotSpot(TM) Client VM (25.40-b25 mixed mode windows-x86 )
Heap:
 def new generation   total 4928K, used 798K [0x03e00000, 0x04350000, 0x09350000)
  eden space 4416K,  12% used [0x03e00000, 0x03e8b818, 0x04250000)
  from space 512K,  47% used [0x042d0000, 0x0430c3b0, 0x04350000)
  to   space 512K,   0% used [0x04250000, 0x04250000, 0x042d0000)
 tenured generation   total 10944K, used 5152K [0x09350000, 0x09e00000, 0x13e00000)
   the space 10944K,  47% used [0x09350000, 0x09858108, 0x09858200, 0x09e00000)
 Metaspace       used 8606K, capacity 8792K, committed 8960K, reserved 9600K
GC Heap History (10 events):
Event: 1.092 GC heap before
{Heap before GC invocations=0 (full 0):
 def new generation   total 4928K, used 4416K [0x03e00000, 0x04350000, 0x09350000)
  eden space 4416K, 100% used [0x03e00000, 0x04250000, 0x04250000)
  from space 512K,   0% used [0x04250000, 0x04250000, 0x042d0000)
  to   space 512K,   0% used [0x042d0000, 0x042d0000, 0x04350000)
 tenured generation   total 10944K, used 0K [0x09350000, 0x09e00000, 0x13e00000)
   the space 10944K,   0% used [0x09350000, 0x09350000, 0x09350200, 0x09e00000)
 Metaspace       used 5990K, capacity 6185K, committed 6272K, reserved 6528K
Event: 1.110 GC heap after
Heap after GC invocations=1 (full 0):
 def new generation   total 4928K, used 512K [0x03e00000, 0x04350000, 0x09350000)
  eden space 4416K,   0% used [0x03e00000, 0x03e00000, 0x04250000)
  from space 512K, 100% used [0x042d0000, 0x04350000, 0x04350000)
  to   space 512K,   0% used [0x04250000, 0x04250000, 0x042d0000)
 tenured generation   total 10944K, used 1087K [0x09350000, 0x09e00000, 0x13e00000)
   the space 10944K,   9% used [0x09350000, 0x0945ff18, 0x09460000, 0x09e00000)
 Metaspace       used 5990K, capacity 6185K, committed 6272K, reserved 6528K
}
Event: 1.795 GC heap before
{Heap before GC invocations=1 (full 0):
 def new generation   total 4928K, used 4928K [0x03e00000, 0x04350000, 0x09350000)
  eden space 4416K, 100% used [0x03e00000, 0x04250000, 0x04250000)
  from space 512K, 100% used [0x042d0000, 0x04350000, 0x04350000)
  to   space 512K,   0% used [0x04250000, 0x04250000, 0x042d0000)
 tenured generation   total 10944K, used 1087K [0x09350000, 0x09e00000, 0x13e00000)
   the space 10944K,   9% used [0x09350000, 0x0945ff18, 0x09460000, 0x09e00000)
 Metaspace       used 7609K, capacity 7822K, committed 7936K, reserved 8576K
Event: 1.810 GC heap after
Heap after GC invocations=2 (full 0):
 def new generation   total 4928K, used 512K [0x03e00000, 0x04350000, 0x09350000)
  eden space 4416K,   0% used [0x03e00000, 0x03e00000, 0x04250000)
  from space 512K, 100% used [0x04250000, 0x042d0000, 0x042d0000)
  to   space 512K,   0% used [0x042d0000, 0x042d0000, 0x04350000)
 tenured generation   total 10944K, used 3629K [0x09350000, 0x09e00000, 0x13e00000)
   the space 10944K,  33% used [0x09350000, 0x096db4e8, 0x096db600, 0x09e00000)
 Metaspace       used 7609K, capacity 7822K, committed 7936K, reserved 8576K
}
Event: 3.943 GC heap before
{Heap before GC invocations=2 (full 0):
 def new generation   total 4928K, used 4928K [0x03e00000, 0x04350000, 0x09350000)
  eden space 4416K, 100% used [0x03e00000, 0x04250000, 0x04250000)
  from space 512K, 100% used [0x04250000, 0x042d0000, 0x042d0000)
  to   space 512K,   0% used [0x042d0000, 0x042d0000, 0x04350000)
 tenured generation   total 10944K, used 3629K [0x09350000, 0x09e00000, 0x13e00000)
   the space 10944K,  33% used [0x09350000, 0x096db4e8, 0x096db600, 0x09e00000)
 Metaspace       used 7891K, capacity 8081K, committed 8192K, reserved 8576K
Event: 3.951 GC heap after
Heap after GC invocations=3 (full 0):
 def new generation   total 4928K, used 327K [0x03e00000, 0x04350000, 0x09350000)
  eden space 4416K,   0% used [0x03e00000, 0x03e00000, 0x04250000)
  from space 512K,  63% used [0x042d0000, 0x04321d68, 0x04350000)
  to   space 512K,   0% used [0x04250000, 0x04250000, 0x042d0000)
 tenured generation   total 10944K, used 4052K [0x09350000, 0x09e00000, 0x13e00000)
   the space 10944K,  37% used [0x09350000, 0x097450c0, 0x09745200, 0x09e00000)
 Metaspace       used 7891K, capacity 8081K, committed 8192K, reserved 8576K
}
Event: 6.660 GC heap before
{Heap before GC invocations=3 (full 0):
 def new generation   total 4928K, used 4743K [0x03e00000, 0x04350000, 0x09350000)
  eden space 4416K, 100% used [0x03e00000, 0x04250000, 0x04250000)
  from space 512K,  63% used [0x042d0000, 0x04321d68, 0x04350000)
  to   space 512K,   0% used [0x04250000, 0x04250000, 0x042d0000)
 tenured generation   total 10944K, used 4052K [0x09350000, 0x09e00000, 0x13e00000)
   the space 10944K,  37% used [0x09350000, 0x097450c0, 0x09745200, 0x09e00000)
 Metaspace       used 8569K, capacity 8760K, committed 8960K, reserved 9600K
Event: 6.669 GC heap after
Heap after GC invocations=4 (full 0):
 def new generation   total 4928K, used 512K [0x03e00000, 0x04350000, 0x09350000)
  eden space 4416K,   0% used [0x03e00000, 0x03e00000, 0x04250000)
  from space 512K, 100% used [0x04250000, 0x042d0000, 0x042d0000)
  to   space 512K,   0% used [0x042d0000, 0x042d0000, 0x04350000)
 tenured generation   total 10944K, used 4846K [0x09350000, 0x09e00000, 0x13e00000)
   the space 10944K,  44% used [0x09350000, 0x0980b8c8, 0x0980ba00, 0x09e00000)
 Metaspace       used 8569K, capacity 8760K, committed 8960K, reserved 9600K
}
Event: 9.035 GC heap before
{Heap before GC invocations=4 (full 0):
 def new generation   total 4928K, used 4928K [0x03e00000, 0x04350000, 0x09350000)
  eden space 4416K, 100% used [0x03e00000, 0x04250000, 0x04250000)
  from space 512K, 100% used [0x04250000, 0x042d0000, 0x042d0000)
  to   space 512K,   0% used [0x042d0000, 0x042d0000, 0x04350000)
 tenured generation   total 10944K, used 4846K [0x09350000, 0x09e00000, 0x13e00000)
   the space 10944K,  44% used [0x09350000, 0x0980b8c8, 0x0980ba00, 0x09e00000)
 Metaspace       used 8606K, capacity 8792K, committed 8960K, reserved 9600K
Event: 9.040 GC heap after
Heap after GC invocations=5 (full 0):
 def new generation   total 4928K, used 240K [0x03e00000, 0x04350000, 0x09350000)
  eden space 4416K,   0% used [0x03e00000, 0x03e00000, 0x04250000)
  from space 512K,  47% used [0x042d0000, 0x0430c3b0, 0x04350000)
  to   space 512K,   0% used [0x04250000, 0x04250000, 0x042d0000)
 tenured generation   total 10944K, used 5152K [0x09350000, 0x09e00000, 0x13e00000)
   the space 10944K,  47% used [0x09350000, 0x09858108, 0x09858200, 0x09e00000)
 Metaspace       used 8606K, capacity 8792K, committed 8960K, reserved 9600K
}

