# JRE version: Java(TM) SE Runtime Environment (8.0_40-b26) (build 1.8.0_40-b26)
# Java VM: Java HotSpot(TM) Client VM (25.40-b25 mixed mode windows-x86 )
Heap:
 def new generation   total 4928K, used 712K [0x04000000, 0x04550000, 0x09550000)
  eden space 4416K,   4% used [0x04000000, 0x040321f8, 0x04450000)
  from space 512K, 100% used [0x04450000, 0x044d0000, 0x044d0000)
  to   space 512K,   0% used [0x044d0000, 0x044d0000, 0x04550000)
 tenured generation   total 10944K, used 4606K [0x09550000, 0x0a000000, 0x14000000)
   the space 10944K,  42% used [0x09550000, 0x099cfa28, 0x099cfc00, 0x0a000000)
 Metaspace       used 8605K, capacity 8792K, committed 8960K, reserved 9600K
GC Heap History (8 events):
Event: 1.210 GC heap before
{Heap before GC invocations=0 (full 0):
 def new generation   total 4928K, used 4408K [0x04000000, 0x04550000, 0x09550000)
  eden space 4416K,  99% used [0x04000000, 0x0444e000, 0x04450000)
  from space 512K,   0% used [0x04450000, 0x04450000, 0x044d0000)
  to   space 512K,   0% used [0x044d0000, 0x044d0000, 0x04550000)
 tenured generation   total 10944K, used 0K [0x09550000, 0x0a000000, 0x14000000)
   the space 10944K,   0% used [0x09550000, 0x09550000, 0x09550200, 0x0a000000)
 Metaspace       used 5965K, capacity 6185K, committed 6272K, reserved 6528K
Event: 1.229 GC heap after
Heap after GC invocations=1 (full 0):
 def new generation   total 4928K, used 512K [0x04000000, 0x04550000, 0x09550000)
  eden space 4416K,   0% used [0x04000000, 0x04000000, 0x04450000)
  from space 512K, 100% used [0x044d0000, 0x04550000, 0x04550000)
  to   space 512K,   0% used [0x04450000, 0x04450000, 0x044d0000)
 tenured generation   total 10944K, used 1078K [0x09550000, 0x0a000000, 0x14000000)
   the space 10944K,   9% used [0x09550000, 0x0965d840, 0x0965da00, 0x0a000000)
 Metaspace       used 5965K, capacity 6185K, committed 6272K, reserved 6528K
}
Event: 1.941 GC heap before
{Heap before GC invocations=1 (full 0):
 def new generation   total 4928K, used 4928K [0x04000000, 0x04550000, 0x09550000)
  eden space 4416K, 100% used [0x04000000, 0x04450000, 0x04450000)
  from space 512K, 100% used [0x044d0000, 0x04550000, 0x04550000)
  to   space 512K,   0% used [0x04450000, 0x04450000, 0x044d0000)
 tenured generation   total 10944K, used 1078K [0x09550000, 0x0a000000, 0x14000000)
   the space 10944K,   9% used [0x09550000, 0x0965d840, 0x0965da00, 0x0a000000)
 Metaspace       used 7617K, capacity 7822K, committed 7936K, reserved 8576K
Event: 1.957 GC heap after
Heap after GC invocations=2 (full 0):
 def new generation   total 4928K, used 512K [0x04000000, 0x04550000, 0x09550000)
  eden space 4416K,   0% used [0x04000000, 0x04000000, 0x04450000)
  from space 512K, 100% used [0x04450000, 0x044d0000, 0x044d0000)
  to   space 512K,   0% used [0x044d0000, 0x044d0000, 0x04550000)
 tenured generation   total 10944K, used 3645K [0x09550000, 0x0a000000, 0x14000000)
   the space 10944K,  33% used [0x09550000, 0x098df660, 0x098df800, 0x0a000000)
 Metaspace       used 7617K, capacity 7822K, committed 7936K, reserved 8576K
}
Event: 4.386 GC heap before
{Heap before GC invocations=2 (full 0):
 def new generation   total 4928K, used 4927K [0x04000000, 0x04550000, 0x09550000)
  eden space 4416K,  99% used [0x04000000, 0x0444fd90, 0x04450000)
  from space 512K, 100% used [0x04450000, 0x044d0000, 0x044d0000)
  to   space 512K,   0% used [0x044d0000, 0x044d0000, 0x04550000)
 tenured generation   total 10944K, used 3677K [0x09550000, 0x0a000000, 0x14000000)
   the space 10944K,  33% used [0x09550000, 0x098e7680, 0x098e7800, 0x0a000000)
 Metaspace       used 7974K, capacity 8184K, committed 8320K, reserved 8576K
Event: 4.396 GC heap after
Heap after GC invocations=3 (full 0):
 def new generation   total 4928K, used 456K [0x04000000, 0x04550000, 0x09550000)
  eden space 4416K,   0% used [0x04000000, 0x04000000, 0x04450000)
  from space 512K,  89% used [0x044d0000, 0x04542278, 0x04550000)
  to   space 512K,   0% used [0x04450000, 0x04450000, 0x044d0000)
 tenured generation   total 10944K, used 4089K [0x09550000, 0x0a000000, 0x14000000)
   the space 10944K,  37% used [0x09550000, 0x0994e768, 0x0994e800, 0x0a000000)
 Metaspace       used 7974K, capacity 8184K, committed 8320K, reserved 8576K
}
Event: 5.736 GC heap before
{Heap before GC invocations=3 (full 0):
 def new generation   total 4928K, used 4872K [0x04000000, 0x04550000, 0x09550000)
  eden space 4416K, 100% used [0x04000000, 0x04450000, 0x04450000)
  from space 512K,  89% used [0x044d0000, 0x04542278, 0x04550000)
  to   space 512K,   0% used [0x04450000, 0x04450000, 0x044d0000)
 tenured generation   total 10944K, used 4089K [0x09550000, 0x0a000000, 0x14000000)
   the space 10944K,  37% used [0x09550000, 0x0994e768, 0x0994e800, 0x0a000000)
 Metaspace       used 8605K, capacity 8792K, committed 8960K, reserved 9600K
Event: 5.742 GC heap after
Heap after GC invocations=4 (full 0):
 def new generation   total 4928K, used 512K [0x04000000, 0x04550000, 0x09550000)
  eden space 4416K,   0% used [0x04000000, 0x04000000, 0x04450000)
  from space 512K, 100% used [0x04450000, 0x044d0000, 0x044d0000)
  to   space 512K,   0% used [0x044d0000, 0x044d0000, 0x04550000)
 tenured generation   total 10944K, used 4606K [0x09550000, 0x0a000000, 0x14000000)
   the space 10944K,  42% used [0x09550000, 0x099cfa28, 0x099cfc00, 0x0a000000)
 Metaspace       used 8605K, capacity 8792K, committed 8960K, reserved 9600K
}

