# JRE version: Java(TM) SE Runtime Environment (8.0_40-b26) (build 1.8.0_40-b26)
# Java VM: Java HotSpot(TM) Client VM (25.40-b25 mixed mode windows-x86 )
Heap:
 def new generation   total 4928K, used 706K [0x03e00000, 0x04350000, 0x09350000)
  eden space 4416K,   9% used [0x03e00000, 0x03e68b88, 0x04250000)
  from space 512K,  56% used [0x042d0000, 0x04317e68, 0x04350000)
  to   space 512K,   0% used [0x04250000, 0x04250000, 0x042d0000)
 tenured generation   total 10944K, used 4944K [0x09350000, 0x09e00000, 0x13e00000)
   the space 10944K,  45% used [0x09350000, 0x09824388, 0x09824400, 0x09e00000)
 Metaspace       used 8650K, capacity 8824K, committed 8960K, reserved 9600K
GC Heap History (10 events):
Event: 1.716 GC heap before
{Heap before GC invocations=2 (full 0):
 def new generation   total 4928K, used 981K [0x03e00000, 0x04350000, 0x09350000)
  eden space 4416K,  10% used [0x03e00000, 0x03e754a8, 0x04250000)
  from space 512K, 100% used [0x04250000, 0x042d0000, 0x042d0000)
  to   space 512K,   0% used [0x042d0000, 0x042d0000, 0x04350000)
 tenured generation   total 10944K, used 3585K [0x09350000, 0x09e00000, 0x13e00000)
   the space 10944K,  32% used [0x09350000, 0x096d0688, 0x096d0800, 0x09e00000)
 Metaspace       used 7609K, capacity 7822K, committed 7936K, reserved 8576K
Event: 1.722 GC heap after
Heap after GC invocations=3 (full 0):
 def new generation   total 4928K, used 194K [0x03e00000, 0x04350000, 0x09350000)
  eden space 4416K,   0% used [0x03e00000, 0x03e00000, 0x04250000)
  from space 512K,  37% used [0x042d0000, 0x043008d0, 0x04350000)
  to   space 512K,   0% used [0x04250000, 0x04250000, 0x042d0000)
 tenured generation   total 10944K, used 4096K [0x09350000, 0x09e00000, 0x13e00000)
   the space 10944K,  37% used [0x09350000, 0x09750320, 0x09750400, 0x09e00000)
 Metaspace       used 7609K, capacity 7822K, committed 7936K, reserved 8576K
}
Event: 4.199 GC heap before
{Heap before GC invocations=3 (full 0):
 def new generation   total 4928K, used 4610K [0x03e00000, 0x04350000, 0x09350000)
  eden space 4416K, 100% used [0x03e00000, 0x04250000, 0x04250000)
  from space 512K,  37% used [0x042d0000, 0x043008d0, 0x04350000)
  to   space 512K,   0% used [0x04250000, 0x04250000, 0x042d0000)
 tenured generation   total 10944K, used 4096K [0x09350000, 0x09e00000, 0x13e00000)
   the space 10944K,  37% used [0x09350000, 0x09750320, 0x09750400, 0x09e00000)
 Metaspace       used 7698K, capacity 7886K, committed 7936K, reserved 8576K
Event: 4.204 GC heap after
Heap after GC invocations=4 (full 0):
 def new generation   total 4928K, used 389K [0x03e00000, 0x04350000, 0x09350000)
  eden space 4416K,   0% used [0x03e00000, 0x03e00000, 0x04250000)
  from space 512K,  76% used [0x04250000, 0x042b16c8, 0x042d0000)
  to   space 512K,   0% used [0x042d0000, 0x042d0000, 0x04350000)
 tenured generation   total 10944K, used 4096K [0x09350000, 0x09e00000, 0x13e00000)
   the space 10944K,  37% used [0x09350000, 0x09750320, 0x09750400, 0x09e00000)
 Metaspace       used 7698K, capacity 7886K, committed 7936K, reserved 8576K
}
Event: 6.828 GC heap before
{Heap before GC invocations=4 (full 0):
 def new generation   total 4928K, used 4805K [0x03e00000, 0x04350000, 0x09350000)
  eden space 4416K, 100% used [0x03e00000, 0x04250000, 0x04250000)
  from space 512K,  76% used [0x04250000, 0x042b16c8, 0x042d0000)
  to   space 512K,   0% used [0x042d0000, 0x042d0000, 0x04350000)
 tenured generation   total 10944K, used 4096K [0x09350000, 0x09e00000, 0x13e00000)
   the space 10944K,  37% used [0x09350000, 0x09750320, 0x09750400, 0x09e00000)
 Metaspace       used 7759K, capacity 7950K, committed 8064K, reserved 8576K
Event: 6.831 GC heap after
Heap after GC invocations=5 (full 0):
 def new generation   total 4928K, used 166K [0x03e00000, 0x04350000, 0x09350000)
  eden space 4416K,   0% used [0x03e00000, 0x03e00000, 0x04250000)
  from space 512K,  32% used [0x042d0000, 0x042f9880, 0x04350000)
  to   space 512K,   0% used [0x04250000, 0x04250000, 0x042d0000)
 tenured generation   total 10944K, used 4248K [0x09350000, 0x09e00000, 0x13e00000)
   the space 10944K,  38% used [0x09350000, 0x09776128, 0x09776200, 0x09e00000)
 Metaspace       used 7759K, capacity 7950K, committed 8064K, reserved 8576K
}
Event: 9.335 GC heap before
{Heap before GC invocations=5 (full 0):
 def new generation   total 4928K, used 4582K [0x03e00000, 0x04350000, 0x09350000)
  eden space 4416K, 100% used [0x03e00000, 0x04250000, 0x04250000)
  from space 512K,  32% used [0x042d0000, 0x042f9880, 0x04350000)
  to   space 512K,   0% used [0x04250000, 0x04250000, 0x042d0000)
 tenured generation   total 10944K, used 4248K [0x09350000, 0x09e00000, 0x13e00000)
   the space 10944K,  38% used [0x09350000, 0x09776128, 0x09776200, 0x09e00000)
 Metaspace       used 8522K, capacity 8728K, committed 8832K, reserved 9600K
Event: 9.342 GC heap after
Heap after GC invocations=6 (full 0):
 def new generation   total 4928K, used 512K [0x03e00000, 0x04350000, 0x09350000)
  eden space 4416K,   0% used [0x03e00000, 0x03e00000, 0x04250000)
  from space 512K, 100% used [0x04250000, 0x042d0000, 0x042d0000)
  to   space 512K,   0% used [0x042d0000, 0x042d0000, 0x04350000)
 tenured generation   total 10944K, used 4568K [0x09350000, 0x09e00000, 0x13e00000)
   the space 10944K,  41% used [0x09350000, 0x097c61c8, 0x097c6200, 0x09e00000)
 Metaspace       used 8522K, capacity 8728K, committed 8832K, reserved 9600K
}
Event: 11.439 GC heap before
{Heap before GC invocations=6 (full 0):
 def new generation   total 4928K, used 4928K [0x03e00000, 0x04350000, 0x09350000)
  eden space 4416K, 100% used [0x03e00000, 0x04250000, 0x04250000)
  from space 512K, 100% used [0x04250000, 0x042d0000, 0x042d0000)
  to   space 512K,   0% used [0x042d0000, 0x042d0000, 0x04350000)
 tenured generation   total 10944K, used 4568K [0x09350000, 0x09e00000, 0x13e00000)
   the space 10944K,  41% used [0x09350000, 0x097c61c8, 0x097c6200, 0x09e00000)
 Metaspace       used 8650K, capacity 8824K, committed 8960K, reserved 9600K
Event: 11.443 GC heap after
Heap after GC invocations=7 (full 0):
 def new generation   total 4928K, used 287K [0x03e00000, 0x04350000, 0x09350000)
  eden space 4416K,   0% used [0x03e00000, 0x03e00000, 0x04250000)
  from space 512K,  56% used [0x042d0000, 0x04317e68, 0x04350000)
  to   space 512K,   0% used [0x04250000, 0x04250000, 0x042d0000)
 tenured generation   total 10944K, used 4944K [0x09350000, 0x09e00000, 0x13e00000)
   the space 10944K,  45% used [0x09350000, 0x09824388, 0x09824400, 0x09e00000)
 Metaspace       used 8650K, capacity 8824K, committed 8960K, reserved 9600K
}

