# JRE version: Java(TM) SE Runtime Environment (8.0_40-b26) (build 1.8.0_40-b26)
# Java VM: Java HotSpot(TM) Client VM (25.40-b25 mixed mode windows-x86 )
Heap:
 def new generation   total 4928K, used 4493K [0x04000000, 0x04550000, 0x09550000)
  eden space 4416K,  99% used [0x04000000, 0x0444bcf8, 0x04450000)
  from space 512K,  18% used [0x044d0000, 0x044e7808, 0x04550000)
  to   space 512K,   0% used [0x04450000, 0x04450000, 0x044d0000)
 tenured generation   total 10944K, used 4624K [0x09550000, 0x0a000000, 0x14000000)
   the space 10944K,  42% used [0x09550000, 0x099d4120, 0x099d4200, 0x0a000000)
 Metaspace       used 8606K, capacity 8795K, committed 8960K, reserved 9600K
GC Heap History (10 events):
Event: 3.391 GC heap before
{Heap before GC invocations=0 (full 0):
 def new generation   total 4928K, used 4416K [0x04000000, 0x04550000, 0x09550000)
  eden space 4416K, 100% used [0x04000000, 0x04450000, 0x04450000)
  from space 512K,   0% used [0x04450000, 0x04450000, 0x044d0000)
  to   space 512K,   0% used [0x044d0000, 0x044d0000, 0x04550000)
 tenured generation   total 10944K, used 0K [0x09550000, 0x0a000000, 0x14000000)
   the space 10944K,   0% used [0x09550000, 0x09550000, 0x09550200, 0x0a000000)
 Metaspace       used 5886K, capacity 6089K, committed 6144K, reserved 6528K
Event: 3.407 GC heap after
Heap after GC invocations=1 (full 0):
 def new generation   total 4928K, used 512K [0x04000000, 0x04550000, 0x09550000)
  eden space 4416K,   0% used [0x04000000, 0x04000000, 0x04450000)
  from space 512K, 100% used [0x044d0000, 0x04550000, 0x04550000)
  to   space 512K,   0% used [0x04450000, 0x04450000, 0x044d0000)
 tenured generation   total 10944K, used 991K [0x09550000, 0x0a000000, 0x14000000)
   the space 10944K,   9% used [0x09550000, 0x09647d70, 0x09647e00, 0x0a000000)
 Metaspace       used 5886K, capacity 6089K, committed 6144K, reserved 6528K
}
Event: 4.612 GC heap before
{Heap before GC invocations=1 (full 0):
 def new generation   total 4928K, used 4928K [0x04000000, 0x04550000, 0x09550000)
  eden space 4416K, 100% used [0x04000000, 0x04450000, 0x04450000)
  from space 512K, 100% used [0x044d0000, 0x04550000, 0x04550000)
  to   space 512K,   0% used [0x04450000, 0x04450000, 0x044d0000)
 tenured generation   total 10944K, used 991K [0x09550000, 0x0a000000, 0x14000000)
   the space 10944K,   9% used [0x09550000, 0x09647d70, 0x09647e00, 0x0a000000)
 Metaspace       used 7557K, capacity 7758K, committed 7936K, reserved 8576K
Event: 4.633 GC heap after
Heap after GC invocations=2 (full 0):
 def new generation   total 4928K, used 512K [0x04000000, 0x04550000, 0x09550000)
  eden space 4416K,   0% used [0x04000000, 0x04000000, 0x04450000)
  from space 512K, 100% used [0x04450000, 0x044d0000, 0x044d0000)
  to   space 512K,   0% used [0x044d0000, 0x044d0000, 0x04550000)
 tenured generation   total 10944K, used 3686K [0x09550000, 0x0a000000, 0x14000000)
   the space 10944K,  33% used [0x09550000, 0x098e9ad0, 0x098e9c00, 0x0a000000)
 Metaspace       used 7557K, capacity 7758K, committed 7936K, reserved 8576K
}
Event: 7.077 GC heap before
{Heap before GC invocations=2 (full 0):
 def new generation   total 4928K, used 4928K [0x04000000, 0x04550000, 0x09550000)
  eden space 4416K, 100% used [0x04000000, 0x04450000, 0x04450000)
  from space 512K, 100% used [0x04450000, 0x044d0000, 0x044d0000)
  to   space 512K,   0% used [0x044d0000, 0x044d0000, 0x04550000)
 tenured generation   total 10944K, used 3686K [0x09550000, 0x0a000000, 0x14000000)
   the space 10944K,  33% used [0x09550000, 0x098e9ad0, 0x098e9c00, 0x0a000000)
 Metaspace       used 7678K, capacity 7886K, committed 8064K, reserved 8576K
Event: 7.084 GC heap after
Heap after GC invocations=3 (full 0):
 def new generation   total 4928K, used 332K [0x04000000, 0x04550000, 0x09550000)
  eden space 4416K,   0% used [0x04000000, 0x04000000, 0x04450000)
  from space 512K,  65% used [0x044d0000, 0x045233a0, 0x04550000)
  to   space 512K,   0% used [0x04450000, 0x04450000, 0x044d0000)
 tenured generation   total 10944K, used 4085K [0x09550000, 0x0a000000, 0x14000000)
   the space 10944K,  37% used [0x09550000, 0x0994d780, 0x0994d800, 0x0a000000)
 Metaspace       used 7678K, capacity 7886K, committed 8064K, reserved 8576K
}
Event: 9.775 GC heap before
{Heap before GC invocations=3 (full 0):
 def new generation   total 4928K, used 4748K [0x04000000, 0x04550000, 0x09550000)
  eden space 4416K, 100% used [0x04000000, 0x04450000, 0x04450000)
  from space 512K,  65% used [0x044d0000, 0x045233a0, 0x04550000)
  to   space 512K,   0% used [0x04450000, 0x04450000, 0x044d0000)
 tenured generation   total 10944K, used 4085K [0x09550000, 0x0a000000, 0x14000000)
   the space 10944K,  37% used [0x09550000, 0x0994d780, 0x0994d800, 0x0a000000)
 Metaspace       used 7996K, capacity 8184K, committed 8320K, reserved 8576K
Event: 9.779 GC heap after
Heap after GC invocations=4 (full 0):
 def new generation   total 4928K, used 424K [0x04000000, 0x04550000, 0x09550000)
  eden space 4416K,   0% used [0x04000000, 0x04000000, 0x04450000)
  from space 512K,  82% used [0x04450000, 0x044ba1f0, 0x044d0000)
  to   space 512K,   0% used [0x044d0000, 0x044d0000, 0x04550000)
 tenured generation   total 10944K, used 4304K [0x09550000, 0x0a000000, 0x14000000)
   the space 10944K,  39% used [0x09550000, 0x09984178, 0x09984200, 0x0a000000)
 Metaspace       used 7996K, capacity 8184K, committed 8320K, reserved 8576K
}
Event: 12.535 GC heap before
{Heap before GC invocations=4 (full 0):
 def new generation   total 4928K, used 4840K [0x04000000, 0x04550000, 0x09550000)
  eden space 4416K, 100% used [0x04000000, 0x04450000, 0x04450000)
  from space 512K,  82% used [0x04450000, 0x044ba1f0, 0x044d0000)
  to   space 512K,   0% used [0x044d0000, 0x044d0000, 0x04550000)
 tenured generation   total 10944K, used 4304K [0x09550000, 0x0a000000, 0x14000000)
   the space 10944K,  39% used [0x09550000, 0x09984178, 0x09984200, 0x0a000000)
 Metaspace       used 8001K, capacity 8187K, committed 8320K, reserved 8576K
Event: 12.542 GC heap after
Heap after GC invocations=5 (full 0):
 def new generation   total 4928K, used 94K [0x04000000, 0x04550000, 0x09550000)
  eden space 4416K,   0% used [0x04000000, 0x04000000, 0x04450000)
  from space 512K,  18% used [0x044d0000, 0x044e7808, 0x04550000)
  to   space 512K,   0% used [0x04450000, 0x04450000, 0x044d0000)
 tenured generation   total 10944K, used 4624K [0x09550000, 0x0a000000, 0x14000000)
   the space 10944K,  42% used [0x09550000, 0x099d4120, 0x099d4200, 0x0a000000)
 Metaspace       used 8001K, capacity 8187K, committed 8320K, reserved 8576K
}

