# JRE version: Java(TM) SE Runtime Environment (8.0_40-b26) (build 1.8.0_40-b26)
# Java VM: Java HotSpot(TM) Client VM (25.40-b25 mixed mode windows-x86 )
Heap:
 def new generation   total 4928K, used 2412K [0x03600000, 0x03b50000, 0x08b50000)
  eden space 4416K,  46% used [0x03600000, 0x03805380, 0x03a50000)
  from space 512K,  67% used [0x03ad0000, 0x03b25dc0, 0x03b50000)
  to   space 512K,   0% used [0x03a50000, 0x03a50000, 0x03ad0000)
 tenured generation   total 10944K, used 4727K [0x08b50000, 0x09600000, 0x13600000)
   the space 10944K,  43% used [0x08b50000, 0x08fedff0, 0x08fee000, 0x09600000)
 Metaspace       used 8699K, capacity 8923K, committed 9088K, reserved 9600K
GC Heap History (10 events):
Event: 89.458 GC heap before
{Heap before GC invocations=32 (full 0):
 def new generation   total 4928K, used 4465K [0x03600000, 0x03b50000, 0x08b50000)
  eden space 4416K, 100% used [0x03600000, 0x03a50000, 0x03a50000)
  from space 512K,   9% used [0x03a50000, 0x03a5c588, 0x03ad0000)
  to   space 512K,   0% used [0x03ad0000, 0x03ad0000, 0x03b50000)
 tenured generation   total 10944K, used 4727K [0x08b50000, 0x09600000, 0x13600000)
   the space 10944K,  43% used [0x08b50000, 0x08fedff0, 0x08fee000, 0x09600000)
 Metaspace       used 8090K, capacity 8312K, committed 8448K, reserved 8576K
Event: 89.459 GC heap after
Heap after GC invocations=33 (full 0):
 def new generation   total 4928K, used 49K [0x03600000, 0x03b50000, 0x08b50000)
  eden space 4416K,   0% used [0x03600000, 0x03600000, 0x03a50000)
  from space 512K,   9% used [0x03ad0000, 0x03adc698, 0x03b50000)
  to   space 512K,   0% used [0x03a50000, 0x03a50000, 0x03ad0000)
 tenured generation   total 10944K, used 4727K [0x08b50000, 0x09600000, 0x13600000)
   the space 10944K,  43% used [0x08b50000, 0x08fedff0, 0x08fee000, 0x09600000)
 Metaspace       used 8090K, capacity 8312K, committed 8448K, reserved 8576K
}
Event: 92.309 GC heap before
{Heap before GC invocations=33 (full 0):
 def new generation   total 4928K, used 4465K [0x03600000, 0x03b50000, 0x08b50000)
  eden space 4416K, 100% used [0x03600000, 0x03a50000, 0x03a50000)
  from space 512K,   9% used [0x03ad0000, 0x03adc698, 0x03b50000)
  to   space 512K,   0% used [0x03a50000, 0x03a50000, 0x03ad0000)
 tenured generation   total 10944K, used 4727K [0x08b50000, 0x09600000, 0x13600000)
   the space 10944K,  43% used [0x08b50000, 0x08fedff0, 0x08fee000, 0x09600000)
 Metaspace       used 8090K, capacity 8312K, committed 8448K, reserved 8576K
Event: 92.311 GC heap after
Heap after GC invocations=34 (full 0):
 def new generation   total 4928K, used 49K [0x03600000, 0x03b50000, 0x08b50000)
  eden space 4416K,   0% used [0x03600000, 0x03600000, 0x03a50000)
  from space 512K,   9% used [0x03a50000, 0x03a5c698, 0x03ad0000)
  to   space 512K,   0% used [0x03ad0000, 0x03ad0000, 0x03b50000)
 tenured generation   total 10944K, used 4727K [0x08b50000, 0x09600000, 0x13600000)
   the space 10944K,  43% used [0x08b50000, 0x08fedff0, 0x08fee000, 0x09600000)
 Metaspace       used 8090K, capacity 8312K, committed 8448K, reserved 8576K
}
Event: 95.133 GC heap before
{Heap before GC invocations=34 (full 0):
 def new generation   total 4928K, used 4465K [0x03600000, 0x03b50000, 0x08b50000)
  eden space 4416K, 100% used [0x03600000, 0x03a50000, 0x03a50000)
  from space 512K,   9% used [0x03a50000, 0x03a5c698, 0x03ad0000)
  to   space 512K,   0% used [0x03ad0000, 0x03ad0000, 0x03b50000)
 tenured generation   total 10944K, used 4727K [0x08b50000, 0x09600000, 0x13600000)
   the space 10944K,  43% used [0x08b50000, 0x08fedff0, 0x08fee000, 0x09600000)
 Metaspace       used 8090K, capacity 8312K, committed 8448K, reserved 8576K
Event: 95.135 GC heap after
Heap after GC invocations=35 (full 0):
 def new generation   total 4928K, used 49K [0x03600000, 0x03b50000, 0x08b50000)
  eden space 4416K,   0% used [0x03600000, 0x03600000, 0x03a50000)
  from space 512K,   9% used [0x03ad0000, 0x03adc5e8, 0x03b50000)
  to   space 512K,   0% used [0x03a50000, 0x03a50000, 0x03ad0000)
 tenured generation   total 10944K, used 4727K [0x08b50000, 0x09600000, 0x13600000)
   the space 10944K,  43% used [0x08b50000, 0x08fedff0, 0x08fee000, 0x09600000)
 Metaspace       used 8090K, capacity 8312K, committed 8448K, reserved 8576K
}
Event: 97.958 GC heap before
{Heap before GC invocations=35 (full 0):
 def new generation   total 4928K, used 4465K [0x03600000, 0x03b50000, 0x08b50000)
  eden space 4416K, 100% used [0x03600000, 0x03a50000, 0x03a50000)
  from space 512K,   9% used [0x03ad0000, 0x03adc5e8, 0x03b50000)
  to   space 512K,   0% used [0x03a50000, 0x03a50000, 0x03ad0000)
 tenured generation   total 10944K, used 4727K [0x08b50000, 0x09600000, 0x13600000)
   the space 10944K,  43% used [0x08b50000, 0x08fedff0, 0x08fee000, 0x09600000)
 Metaspace       used 8090K, capacity 8312K, committed 8448K, reserved 8576K
Event: 97.960 GC heap after
Heap after GC invocations=36 (full 0):
 def new generation   total 4928K, used 50K [0x03600000, 0x03b50000, 0x08b50000)
  eden space 4416K,   0% used [0x03600000, 0x03600000, 0x03a50000)
  from space 512K,   9% used [0x03a50000, 0x03a5c828, 0x03ad0000)
  to   space 512K,   0% used [0x03ad0000, 0x03ad0000, 0x03b50000)
 tenured generation   total 10944K, used 4727K [0x08b50000, 0x09600000, 0x13600000)
   the space 10944K,  43% used [0x08b50000, 0x08fedff0, 0x08fee000, 0x09600000)
 Metaspace       used 8090K, capacity 8312K, committed 8448K, reserved 8576K
}
Event: 101.348 GC heap before
{Heap before GC invocations=36 (full 0):
 def new generation   total 4928K, used 4466K [0x03600000, 0x03b50000, 0x08b50000)
  eden space 4416K, 100% used [0x03600000, 0x03a50000, 0x03a50000)
  from space 512K,   9% used [0x03a50000, 0x03a5c828, 0x03ad0000)
  to   space 512K,   0% used [0x03ad0000, 0x03ad0000, 0x03b50000)
 tenured generation   total 10944K, used 4727K [0x08b50000, 0x09600000, 0x13600000)
   the space 10944K,  43% used [0x08b50000, 0x08fedff0, 0x08fee000, 0x09600000)
 Metaspace       used 8178K, capacity 8379K, committed 8448K, reserved 8576K
Event: 101.351 GC heap after
Heap after GC invocations=37 (full 0):
 def new generation   total 4928K, used 343K [0x03600000, 0x03b50000, 0x08b50000)
  eden space 4416K,   0% used [0x03600000, 0x03600000, 0x03a50000)
  from space 512K,  67% used [0x03ad0000, 0x03b25dc0, 0x03b50000)
  to   space 512K,   0% used [0x03a50000, 0x03a50000, 0x03ad0000)
 tenured generation   total 10944K, used 4727K [0x08b50000, 0x09600000, 0x13600000)
   the space 10944K,  43% used [0x08b50000, 0x08fedff0, 0x08fee000, 0x09600000)
 Metaspace       used 8178K, capacity 8379K, committed 8448K, reserved 8576K
}

